This file contains any messages produced by compilers while
running configure, to aid debugging if configure makes a mistake.

It was created by memcached configure 1.6.17, which was
generated by GNU Autoconf 2.71.  Invocation command line was

  $ ./configure

## --------- ##
## Platform. ##
## --------- ##

hostname = Zinnias-MacBook-Pro.local
uname -m = arm64
uname -r = 20.3.0
uname -s = Darwin
uname -v = Darwin Kernel Version 20.3.0: Thu Jan 21 00:06:51 PST 2021; root:xnu-7195.81.3~1/RELEASE_ARM64_T8101

/usr/bin/uname -p = arm
/bin/uname -X     = unknown

/bin/arch              = unknown
/usr/bin/arch -k       = unknown
/usr/convex/getsysinfo = unknown
/usr/bin/hostinfo      = Mach kernel version:
	 Darwin Kernel Version 20.3.0: Thu Jan 21 00:06:51 PST 2021; root:xnu-7195.81.3~1/RELEASE_ARM64_T8101
Kernel configured for up to 8 processors.
8 processors are physically available.
8 processors are logically available.
Processor type: arm64e (ARM64E)
Processors active: 0 1 2 3 4 5 6 7
Primary memory available: 8.00 gigabytes
Default processor set: 479 tasks, 2334 threads, 8 processors
Load average: 1.71, Mach factor: 6.27
/bin/machine           = unknown
/usr/bin/oslevel       = unknown
/bin/universe          = unknown

PATH: /Users/zinnianie/opt/anaconda3/bin/
PATH: /Users/zinnianie/opt/anaconda3/condabin/
PATH: /opt/homebrew/bin/
PATH: /opt/homebrew/sbin/
PATH: /usr/local/bin/
PATH: /usr/bin/
PATH: /bin/
PATH: /usr/sbin/
PATH: /sbin/


## ----------- ##
## Core tests. ##
## ----------- ##

configure:2777: looking for aux files: compile missing install-sh config.guess config.sub
configure:2790:  trying ./
configure:2819:   ./compile found
configure:2819:   ./missing found
configure:2801:   ./install-sh found
configure:2819:   ./config.guess found
configure:2819:   ./config.sub found
configure:2937: checking build system type
configure:2952: result: aarch64-apple-darwin20.3.0
configure:2972: checking host system type
configure:2986: result: aarch64-apple-darwin20.3.0
configure:3024: checking for a BSD-compatible install
configure:3097: result: /usr/bin/install -c
configure:3108: checking whether build environment is sane
configure:3163: result: yes
configure:3322: checking for a race-free mkdir -p
configure:3366: result: ./install-sh -c -d
configure:3373: checking for gawk
configure:3408: result: no
configure:3373: checking for mawk
configure:3408: result: no
configure:3373: checking for nawk
configure:3408: result: no
configure:3373: checking for awk
configure:3394: found /usr/bin/awk
configure:3405: result: awk
configure:3416: checking whether make sets $(MAKE)
configure:3439: result: yes
configure:3469: checking whether make supports nested variables
configure:3487: result: yes
configure:3688: checking for gcc
configure:3709: found /usr/bin/gcc
configure:3720: result: gcc
configure:4073: checking for C compiler version
configure:4082: gcc --version >&5
Apple clang version 12.0.5 (clang-1205.0.22.11)
Target: arm64-apple-darwin20.3.0
Thread model: posix
InstalledDir: /Library/Developer/CommandLineTools/usr/bin
Configured with: --prefix=/Library/Developer/CommandLineTools/usr --with-gxx-include-dir=/Library/Developer/CommandLineTools/SDKs/MacOSX.sdk/usr/include/c++/4.2.1
configure:4093: $? = 0
configure:4082: gcc -v >&5
Configured with: --prefix=/Library/Developer/CommandLineTools/usr --with-gxx-include-dir=/Library/Developer/CommandLineTools/SDKs/MacOSX.sdk/usr/include/c++/4.2.1
Apple clang version 12.0.5 (clang-1205.0.22.11)
Target: arm64-apple-darwin20.3.0
Thread model: posix
InstalledDir: /Library/Developer/CommandLineTools/usr/bin
configure:4093: $? = 0
configure:4082: gcc -V >&5
clang: error: argument to '-V' is missing (expected 1 value)
clang: error: no input files
configure:4093: $? = 1
configure:4082: gcc -qversion >&5
clang: error: unknown argument '-qversion'; did you mean '--version'?
clang: error: no input files
configure:4093: $? = 1
configure:4082: gcc -version >&5
clang: error: unknown argument '-version'; did you mean '--version'?
clang: error: no input files
configure:4093: $? = 1
configure:4113: checking whether the C compiler works
configure:4135: gcc    conftest.c  >&5
configure:4139: $? = 0
configure:4189: result: yes
configure:4192: checking for C compiler default output file name
configure:4194: result: a.out
configure:4200: checking for suffix of executables
configure:4207: gcc -o conftest    conftest.c  >&5
configure:4211: $? = 0
configure:4234: result: 
configure:4256: checking whether we are cross compiling
configure:4264: gcc -o conftest    conftest.c  >&5
configure:4268: $? = 0
configure:4275: ./conftest
configure:4279: $? = 0
configure:4294: result: no
configure:4299: checking for suffix of object files
configure:4322: gcc -c   conftest.c >&5
configure:4326: $? = 0
configure:4348: result: o
configure:4352: checking whether the compiler supports GNU C
configure:4372: gcc -c   conftest.c >&5
configure:4372: $? = 0
configure:4382: result: yes
configure:4393: checking whether gcc accepts -g
configure:4414: gcc -c -g  conftest.c >&5
configure:4414: $? = 0
configure:4458: result: yes
configure:4478: checking for gcc option to enable C11 features
configure:4493: gcc  -c -g -O2  conftest.c >&5
configure:4493: $? = 0
configure:4511: result: none needed
configure:4627: checking whether gcc understands -c and -o together
configure:4650: gcc -c conftest.c -o conftest2.o
configure:4653: $? = 0
configure:4650: gcc -c conftest.c -o conftest2.o
configure:4653: $? = 0
configure:4665: result: yes
configure:4685: checking whether make supports the include directive
configure:4700: make -f confmf.GNU && cat confinc.out
this is the am__doit target
configure:4703: $? = 0
configure:4722: result: yes (GNU style)
configure:4748: checking dependency style of gcc
configure:4860: result: gcc3
configure:4901: checking how to run the C preprocessor
configure:4927: gcc -E  conftest.c
configure:4927: $? = 0
configure:4942: gcc -E  conftest.c
conftest.c:11:10: fatal error: 'ac_nonexistent.h' file not found
#include <ac_nonexistent.h>
         ^~~~~~~~~~~~~~~~~~
1 error generated.
configure:4942: $? = 1
configure: failed program was:
| /* confdefs.h */
| #define PACKAGE_NAME "memcached"
| #define PACKAGE_TARNAME "memcached"
| #define PACKAGE_VERSION "1.6.17"
| #define PACKAGE_STRING "memcached 1.6.17"
| #define PACKAGE_BUGREPORT "memcached@googlegroups.com"
| #define PACKAGE_URL ""
| #define PACKAGE "memcached"
| #define VERSION "1.6.17"
| /* end confdefs.h.  */
| #include <ac_nonexistent.h>
configure:4969: result: gcc -E
configure:4983: gcc -E  conftest.c
configure:4983: $? = 0
configure:4998: gcc -E  conftest.c
conftest.c:11:10: fatal error: 'ac_nonexistent.h' file not found
#include <ac_nonexistent.h>
         ^~~~~~~~~~~~~~~~~~
1 error generated.
configure:4998: $? = 1
configure: failed program was:
| /* confdefs.h */
| #define PACKAGE_NAME "memcached"
| #define PACKAGE_TARNAME "memcached"
| #define PACKAGE_VERSION "1.6.17"
| #define PACKAGE_STRING "memcached 1.6.17"
| #define PACKAGE_BUGREPORT "memcached@googlegroups.com"
| #define PACKAGE_URL ""
| #define PACKAGE "memcached"
| #define VERSION "1.6.17"
| /* end confdefs.h.  */
| #include <ac_nonexistent.h>
configure:5029: checking for grep that handles long lines and -e
configure:5093: result: /usr/bin/grep
configure:5098: checking for egrep
configure:5166: result: /usr/bin/grep -E
configure:5173: checking for icc in use
configure:5183: result: no
configure:5203: checking for clang in use
configure:5220: gcc -c -g -O2  conftest.c >&5
configure:5220: $? = 0
configure:5227: result: yes
configure:5237: checking for gcc options needed to detect all undeclared functions
configure:5259: gcc -c -g -O2   conftest.c >&5
conftest.c:15:8: error: implicitly declaring library function 'strchr' with type 'char *(const char *, int)' [-Werror,-Wimplicit-function-declaration]
(void) strchr;
       ^
conftest.c:15:8: note: include the header <string.h> or explicitly provide a declaration for 'strchr'
1 error generated.
configure:5259: $? = 1
configure: failed program was:
| /* confdefs.h */
| #define PACKAGE_NAME "memcached"
| #define PACKAGE_TARNAME "memcached"
| #define PACKAGE_VERSION "1.6.17"
| #define PACKAGE_STRING "memcached 1.6.17"
| #define PACKAGE_BUGREPORT "memcached@googlegroups.com"
| #define PACKAGE_URL ""
| #define PACKAGE "memcached"
| #define VERSION "1.6.17"
| /* end confdefs.h.  */
| 
| int
| main (void)
| {
| (void) strchr;
|   ;
|   return 0;
| }
configure:5286: gcc -c -g -O2   conftest.c >&5
configure:5286: $? = 0
configure:5303: result: none needed
configure:5321: checking for stdio.h
configure:5321: gcc -c -g -O2  conftest.c >&5
configure:5321: $? = 0
configure:5321: result: yes
configure:5321: checking for stdlib.h
configure:5321: gcc -c -g -O2  conftest.c >&5
configure:5321: $? = 0
configure:5321: result: yes
configure:5321: checking for string.h
configure:5321: gcc -c -g -O2  conftest.c >&5
configure:5321: $? = 0
configure:5321: result: yes
configure:5321: checking for inttypes.h
configure:5321: gcc -c -g -O2  conftest.c >&5
configure:5321: $? = 0
configure:5321: result: yes
configure:5321: checking for stdint.h
configure:5321: gcc -c -g -O2  conftest.c >&5
configure:5321: $? = 0
configure:5321: result: yes
configure:5321: checking for strings.h
configure:5321: gcc -c -g -O2  conftest.c >&5
configure:5321: $? = 0
configure:5321: result: yes
configure:5321: checking for sys/stat.h
configure:5321: gcc -c -g -O2  conftest.c >&5
configure:5321: $? = 0
configure:5321: result: yes
configure:5321: checking for sys/types.h
configure:5321: gcc -c -g -O2  conftest.c >&5
configure:5321: $? = 0
configure:5321: result: yes
configure:5321: checking for unistd.h
configure:5321: gcc -c -g -O2  conftest.c >&5
configure:5321: $? = 0
configure:5321: result: yes
configure:5347: checking whether __SUNPRO_C is declared
configure:5347: gcc -c -g -O2   conftest.c >&5
conftest.c:56:10: error: use of undeclared identifier '__SUNPRO_C'
  (void) __SUNPRO_C;
         ^
1 error generated.
configure:5347: $? = 1
configure: failed program was:
| /* confdefs.h */
| #define PACKAGE_NAME "memcached"
| #define PACKAGE_TARNAME "memcached"
| #define PACKAGE_VERSION "1.6.17"
| #define PACKAGE_STRING "memcached 1.6.17"
| #define PACKAGE_BUGREPORT "memcached@googlegroups.com"
| #define PACKAGE_URL ""
| #define PACKAGE "memcached"
| #define VERSION "1.6.17"
| #define HAVE_STDIO_H 1
| #define HAVE_STDLIB_H 1
| #define HAVE_STRING_H 1
| #define HAVE_INTTYPES_H 1
| #define HAVE_STDINT_H 1
| #define HAVE_STRINGS_H 1
| #define HAVE_SYS_STAT_H 1
| #define HAVE_SYS_TYPES_H 1
| #define HAVE_UNISTD_H 1
| #define STDC_HEADERS 1
| /* end confdefs.h.  */
| #include <stddef.h>
| #ifdef HAVE_STDIO_H
| # include <stdio.h>
| #endif
| #ifdef HAVE_STDLIB_H
| # include <stdlib.h>
| #endif
| #ifdef HAVE_STRING_H
| # include <string.h>
| #endif
| #ifdef HAVE_INTTYPES_H
| # include <inttypes.h>
| #endif
| #ifdef HAVE_STDINT_H
| # include <stdint.h>
| #endif
| #ifdef HAVE_STRINGS_H
| # include <strings.h>
| #endif
| #ifdef HAVE_SYS_TYPES_H
| # include <sys/types.h>
| #endif
| #ifdef HAVE_SYS_STAT_H
| # include <sys/stat.h>
| #endif
| #ifdef HAVE_UNISTD_H
| # include <unistd.h>
| #endif
| int
| main (void)
| {
| #ifndef __SUNPRO_C
| #ifdef __cplusplus
|   (void) __SUNPRO_C;
| #else
|   (void) __SUNPRO_C;
| #endif
| #endif
| 
|   ;
|   return 0;
| }
configure:5347: result: no
configure:5376: checking for gcc option to accept ISO C99
configure:5526: gcc  -c -g -O2 -Wno-language-extension-token  conftest.c >&5
configure:5526: $? = 0
configure:5540: result: none needed
configure:5640: checking for sasl/sasl.h
configure:5640: gcc -c -g -O2 -Wno-language-extension-token  conftest.c >&5
configure:5640: $? = 0
configure:5640: result: yes
configure:6181: checking for gcov
configure:6204: found /usr/bin/gcov
configure:6217: result: /usr/bin/gcov
configure:6285: checking size of void *
configure:6291: gcc -o conftest -g -O2 -Wno-language-extension-token   conftest.c  >&5
configure:6291: $? = 0
configure:6291: ./conftest
configure:6291: $? = 0
configure:6306: result: 8
configure:6317: checking for library containing clock_gettime
configure:6347: gcc -o conftest -g -O2 -Wno-language-extension-token   conftest.c  >&5
configure:6347: $? = 0
configure:6367: result: none required
configure:6378: checking for library containing socket
configure:6408: gcc -o conftest -g -O2 -Wno-language-extension-token   conftest.c  >&5
configure:6408: $? = 0
configure:6428: result: none required
configure:6437: checking for library containing gethostbyname
configure:6467: gcc -o conftest -g -O2 -Wno-language-extension-token   conftest.c  >&5
configure:6467: $? = 0
configure:6487: result: none required
configure:6514: checking for libevent directory
configure:6559: gcc -o conftest -g -O2 -Wno-language-extension-token   conftest.c -levent  >&5
configure:6559: $? = 0
configure:6598: result: (system)
configure:6637: gcc -o conftest -g -O2 -Wno-language-extension-token   conftest.c -levent  >&5
configure:6637: $? = 0
configure:6637: ./conftest
configure:6637: $? = 0
configure:6728: checking for pkg-config
configure:6766: result: no
configure:7088: checking for library containing gethugepagesizes
configure:7118: gcc -o conftest -g -O2 -Wno-language-extension-token   conftest.c -levent  >&5
Undefined symbols for architecture arm64:
  "_gethugepagesizes", referenced from:
      _main in conftest-ba349a.o
ld: symbol(s) not found for architecture arm64
clang: error: linker command failed with exit code 1 (use -v to see invocation)
configure:7118: $? = 1
configure: failed program was:
| /* confdefs.h */
| #define PACKAGE_NAME "memcached"
| #define PACKAGE_TARNAME "memcached"
| #define PACKAGE_VERSION "1.6.17"
| #define PACKAGE_STRING "memcached 1.6.17"
| #define PACKAGE_BUGREPORT "memcached@googlegroups.com"
| #define PACKAGE_URL ""
| #define PACKAGE "memcached"
| #define VERSION "1.6.17"
| #define HAVE_STDIO_H 1
| #define HAVE_STDLIB_H 1
| #define HAVE_STRING_H 1
| #define HAVE_INTTYPES_H 1
| #define HAVE_STDINT_H 1
| #define HAVE_STRINGS_H 1
| #define HAVE_SYS_STAT_H 1
| #define HAVE_SYS_TYPES_H 1
| #define HAVE_UNISTD_H 1
| #define STDC_HEADERS 1
| #define HAVE_SASL_SASL_H 1
| #define EXTSTORE 1
| #define SIZEOF_VOID_P 8
| #define HAVE_LIBEVENT_NEW 1
| /* end confdefs.h.  */
| 
| /* Override any GCC internal prototype to avoid an error.
|    Use char because int might match the return type of a GCC
|    builtin and then its argument prototype would still apply.  */
| char gethugepagesizes ();
| int
| main (void)
| {
| return gethugepagesizes ();
|   ;
|   return 0;
| }
configure:7118: gcc -o conftest -g -O2 -Wno-language-extension-token   conftest.c -lhugetlbfs  -levent  >&5
ld: library not found for -lhugetlbfs
clang: error: linker command failed with exit code 1 (use -v to see invocation)
configure:7118: $? = 1
configure: failed program was:
| /* confdefs.h */
| #define PACKAGE_NAME "memcached"
| #define PACKAGE_TARNAME "memcached"
| #define PACKAGE_VERSION "1.6.17"
| #define PACKAGE_STRING "memcached 1.6.17"
| #define PACKAGE_BUGREPORT "memcached@googlegroups.com"
| #define PACKAGE_URL ""
| #define PACKAGE "memcached"
| #define VERSION "1.6.17"
| #define HAVE_STDIO_H 1
| #define HAVE_STDLIB_H 1
| #define HAVE_STRING_H 1
| #define HAVE_INTTYPES_H 1
| #define HAVE_STDINT_H 1
| #define HAVE_STRINGS_H 1
| #define HAVE_SYS_STAT_H 1
| #define HAVE_SYS_TYPES_H 1
| #define HAVE_UNISTD_H 1
| #define STDC_HEADERS 1
| #define HAVE_SASL_SASL_H 1
| #define EXTSTORE 1
| #define SIZEOF_VOID_P 8
| #define HAVE_LIBEVENT_NEW 1
| /* end confdefs.h.  */
| 
| /* Override any GCC internal prototype to avoid an error.
|    Use char because int might match the return type of a GCC
|    builtin and then its argument prototype would still apply.  */
| char gethugepagesizes ();
| int
| main (void)
| {
| return gethugepagesizes ();
|   ;
|   return 0;
| }
configure:7138: result: no
configure:7148: checking for _Bool
configure:7148: gcc -c -g -O2 -Wno-language-extension-token  conftest.c >&5
configure:7148: $? = 0
configure:7148: gcc -c -g -O2 -Wno-language-extension-token  conftest.c >&5
conftest.c:56:20: error: expected expression
if (sizeof ((_Bool)))
                   ^
1 error generated.
configure:7148: $? = 1
configure: failed program was:
| /* confdefs.h */
| #define PACKAGE_NAME "memcached"
| #define PACKAGE_TARNAME "memcached"
| #define PACKAGE_VERSION "1.6.17"
| #define PACKAGE_STRING "memcached 1.6.17"
| #define PACKAGE_BUGREPORT "memcached@googlegroups.com"
| #define PACKAGE_URL ""
| #define PACKAGE "memcached"
| #define VERSION "1.6.17"
| #define HAVE_STDIO_H 1
| #define HAVE_STDLIB_H 1
| #define HAVE_STRING_H 1
| #define HAVE_INTTYPES_H 1
| #define HAVE_STDINT_H 1
| #define HAVE_STRINGS_H 1
| #define HAVE_SYS_STAT_H 1
| #define HAVE_SYS_TYPES_H 1
| #define HAVE_UNISTD_H 1
| #define STDC_HEADERS 1
| #define HAVE_SASL_SASL_H 1
| #define EXTSTORE 1
| #define SIZEOF_VOID_P 8
| #define HAVE_LIBEVENT_NEW 1
| /* end confdefs.h.  */
| #include <stddef.h>
| #ifdef HAVE_STDIO_H
| # include <stdio.h>
| #endif
| #ifdef HAVE_STDLIB_H
| # include <stdlib.h>
| #endif
| #ifdef HAVE_STRING_H
| # include <string.h>
| #endif
| #ifdef HAVE_INTTYPES_H
| # include <inttypes.h>
| #endif
| #ifdef HAVE_STDINT_H
| # include <stdint.h>
| #endif
| #ifdef HAVE_STRINGS_H
| # include <strings.h>
| #endif
| #ifdef HAVE_SYS_TYPES_H
| # include <sys/types.h>
| #endif
| #ifdef HAVE_SYS_STAT_H
| # include <sys/stat.h>
| #endif
| #ifdef HAVE_UNISTD_H
| # include <unistd.h>
| #endif
| int
| main (void)
| {
| if (sizeof ((_Bool)))
| 	    return 0;
|   ;
|   return 0;
| }
configure:7148: result: yes
configure:7157: checking for stdbool.h that conforms to C99
configure:7273: gcc -c -g -O2 -Wno-language-extension-token  conftest.c >&5
conftest.c:111:25: warning: address of 's' will always evaluate to 'true' [-Wpointer-bool-conversion]
             bool ps = &s;
                  ~~    ^
conftest.c:116:28: warning: address of 't' will always evaluate to 'true' [-Wpointer-bool-conversion]
               _Bool pt = &t;
                     ~~    ^
conftest.c:126:55: warning: address of array 'y' will always evaluate to 'true' [-Wpointer-bool-conversion]
                                                     ~^
conftest.c:126:50: warning: address of array 'x' will always evaluate to 'true' [-Wpointer-bool-conversion]
                                                ~^
conftest.c:126:45: warning: address of array 'w' will always evaluate to 'true' [-Wpointer-bool-conversion]
                                           ~^
conftest.c:126:40: warning: address of array 'v' will always evaluate to 'true' [-Wpointer-bool-conversion]
                                      ~^
conftest.c:126:35: warning: address of array 'u' will always evaluate to 'true' [-Wpointer-bool-conversion]
                                 ~^
conftest.c:126:30: warning: address of array 'r' will always evaluate to 'true' [-Wpointer-bool-conversion]
                            ~^
conftest.c:126:25: warning: address of array 'q' will always evaluate to 'true' [-Wpointer-bool-conversion]
                       ~^
conftest.c:124:40: warning: address of array 'o' will always evaluate to 'true' [-Wpointer-bool-conversion]
                                      ~^
conftest.c:124:35: warning: address of array 'n' will always evaluate to 'true' [-Wpointer-bool-conversion]
                                 ~^
conftest.c:124:30: warning: address of array 'm' will always evaluate to 'true' [-Wpointer-bool-conversion]
                            ~^
conftest.c:124:25: warning: address of array 'l' will always evaluate to 'true' [-Wpointer-bool-conversion]
                       ~^
conftest.c:123:73: warning: address of array 'k' will always evaluate to 'true' [-Wpointer-bool-conversion]
             return (!a + !b + !c + !d + !e + !f + !g + !h + !i + !j + !k
                                                                       ~^
conftest.c:123:68: warning: address of array 'j' will always evaluate to 'true' [-Wpointer-bool-conversion]
             return (!a + !b + !c + !d + !e + !f + !g + !h + !i + !j + !k
                                                                  ~^
conftest.c:123:63: warning: address of array 'i' will always evaluate to 'true' [-Wpointer-bool-conversion]
             return (!a + !b + !c + !d + !e + !f + !g + !h + !i + !j + !k
                                                             ~^
conftest.c:123:38: warning: address of array 'd' will always evaluate to 'true' [-Wpointer-bool-conversion]
             return (!a + !b + !c + !d + !e + !f + !g + !h + !i + !j + !k
                                    ~^
conftest.c:123:33: warning: address of array 'c' will always evaluate to 'true' [-Wpointer-bool-conversion]
             return (!a + !b + !c + !d + !e + !f + !g + !h + !i + !j + !k
                               ~^
conftest.c:123:28: warning: address of array 'b' will always evaluate to 'true' [-Wpointer-bool-conversion]
             return (!a + !b + !c + !d + !e + !f + !g + !h + !i + !j + !k
                          ~^
conftest.c:123:23: warning: address of array 'a' will always evaluate to 'true' [-Wpointer-bool-conversion]
             return (!a + !b + !c + !d + !e + !f + !g + !h + !i + !j + !k
                     ~^
20 warnings generated.
configure:7273: $? = 0
configure:7281: result: yes
configure:7292: checking for inttypes.h
configure:7292: result: yes
configure:7304: checking for sasl_callback_ft
configure:7329: gcc -c -g -O2 -Wno-language-extension-token  conftest.c >&5
configure:7329: $? = 0
configure:7342: result: yes
configure:7354: checking for print macros for integers (C99 section 7.8.1)
configure:7379: gcc -c -g -O2 -Wno-language-extension-token  conftest.c >&5
configure:7379: $? = 0
configure:7388: result: yes
configure:7405: checking for an ANSI C-conforming const
configure:7472: gcc -c -g -O2 -Wno-language-extension-token  conftest.c >&5
configure:7472: $? = 0
configure:7480: result: yes
configure:7491: checking for socklen_t
configure:7514: gcc -c -g -O2 -Wno-language-extension-token  conftest.c >&5
configure:7514: $? = 0
configure:7527: result: yes
configure:7536: checking whether byte ordering is bigendian
configure:7552: gcc -c -g -O2 -Wno-language-extension-token  conftest.c >&5
configure:7552: $? = 0
configure:7598: gcc -c -g -O2 -Wno-language-extension-token  conftest.c >&5
configure:7598: $? = 0
configure:7617: gcc -c -g -O2 -Wno-language-extension-token  conftest.c >&5
conftest.c:36:4: error: use of undeclared identifier 'not'
                 not big endian
                 ^
1 error generated.
configure:7617: $? = 1
configure: failed program was:
| /* confdefs.h */
| #define PACKAGE_NAME "memcached"
| #define PACKAGE_TARNAME "memcached"
| #define PACKAGE_VERSION "1.6.17"
| #define PACKAGE_STRING "memcached 1.6.17"
| #define PACKAGE_BUGREPORT "memcached@googlegroups.com"
| #define PACKAGE_URL ""
| #define PACKAGE "memcached"
| #define VERSION "1.6.17"
| #define HAVE_STDIO_H 1
| #define HAVE_STDLIB_H 1
| #define HAVE_STRING_H 1
| #define HAVE_INTTYPES_H 1
| #define HAVE_STDINT_H 1
| #define HAVE_STRINGS_H 1
| #define HAVE_SYS_STAT_H 1
| #define HAVE_SYS_TYPES_H 1
| #define HAVE_UNISTD_H 1
| #define STDC_HEADERS 1
| #define HAVE_SASL_SASL_H 1
| #define EXTSTORE 1
| #define SIZEOF_VOID_P 8
| #define HAVE_LIBEVENT_NEW 1
| #define HAVE__BOOL 1
| #define HAVE_STDBOOL_H 1
| #define HAVE_INTTYPES_H 1
| #define HAVE_SASL_CALLBACK_FT 1
| /* end confdefs.h.  */
| #include <sys/types.h>
| 		#include <sys/param.h>
| 
| int
| main (void)
| {
| #if BYTE_ORDER != BIG_ENDIAN
| 		 not big endian
| 		#endif
| 
|   ;
|   return 0;
| }
configure:7751: result: no
configure:7775: checking for htonll
configure:7797: gcc -o conftest -g -O2 -Wno-language-extension-token   conftest.c -levent  >&5
conftest.c:34:23: warning: extra tokens at end of #include directive [-Wextra-tokens]
#include <inttypes.h> */
                      ^
                      //
1 warning generated.
configure:7797: $? = 0
configure:7813: result: yes
configure:7817: checking for library containing pthread_create
configure:7847: gcc -o conftest -g -O2 -Wno-language-extension-token   conftest.c -levent  >&5
configure:7847: $? = 0
configure:7867: result: none required
configure:7880: checking for mlockall
configure:7880: gcc -o conftest -g -O2 -Wno-language-extension-token   conftest.c -levent  >&5
configure:7880: $? = 0
configure:7880: result: yes
configure:7887: checking for getpagesizes
configure:7887: gcc -o conftest -g -O2 -Wno-language-extension-token   conftest.c -levent  >&5
Undefined symbols for architecture arm64:
  "_getpagesizes", referenced from:
      _main in conftest-bca6ad.o
ld: symbol(s) not found for architecture arm64
clang: error: linker command failed with exit code 1 (use -v to see invocation)
configure:7887: $? = 1
configure: failed program was:
| /* confdefs.h */
| #define PACKAGE_NAME "memcached"
| #define PACKAGE_TARNAME "memcached"
| #define PACKAGE_VERSION "1.6.17"
| #define PACKAGE_STRING "memcached 1.6.17"
| #define PACKAGE_BUGREPORT "memcached@googlegroups.com"
| #define PACKAGE_URL ""
| #define PACKAGE "memcached"
| #define VERSION "1.6.17"
| #define HAVE_STDIO_H 1
| #define HAVE_STDLIB_H 1
| #define HAVE_STRING_H 1
| #define HAVE_INTTYPES_H 1
| #define HAVE_STDINT_H 1
| #define HAVE_STRINGS_H 1
| #define HAVE_SYS_STAT_H 1
| #define HAVE_SYS_TYPES_H 1
| #define HAVE_UNISTD_H 1
| #define STDC_HEADERS 1
| #define HAVE_SASL_SASL_H 1
| #define EXTSTORE 1
| #define SIZEOF_VOID_P 8
| #define HAVE_LIBEVENT_NEW 1
| #define HAVE__BOOL 1
| #define HAVE_STDBOOL_H 1
| #define HAVE_INTTYPES_H 1
| #define HAVE_SASL_CALLBACK_FT 1
| #define ENDIAN_LITTLE 1
| #define HAVE_HTONLL 1
| #define HAVE_MLOCKALL 1
| /* end confdefs.h.  */
| /* Define getpagesizes to an innocuous variant, in case <limits.h> declares getpagesizes.
|    For example, HP-UX 11i <limits.h> declares gettimeofday.  */
| #define getpagesizes innocuous_getpagesizes
| 
| /* System header to define __stub macros and hopefully few prototypes,
|    which can conflict with char getpagesizes (); below.  */
| 
| #include <limits.h>
| #undef getpagesizes
| 
| /* Override any GCC internal prototype to avoid an error.
|    Use char because int might match the return type of a GCC
|    builtin and then its argument prototype would still apply.  */
| #ifdef __cplusplus
| extern "C"
| #endif
| char getpagesizes ();
| /* The GNU C library defines this for functions which it implements
|     to always fail with ENOSYS.  Some functions are actually named
|     something starting with __ and the normal name is an alias.  */
| #if defined __stub_getpagesizes || defined __stub___getpagesizes
| choke me
| #endif
| 
| int
| main (void)
| {
| return getpagesizes ();
|   ;
|   return 0;
| }
configure:7887: result: no
configure:7894: checking for sysconf
configure:7894: gcc -o conftest -g -O2 -Wno-language-extension-token   conftest.c -levent  >&5
configure:7894: $? = 0
configure:7894: result: yes
configure:7901: checking for memcntl
configure:7901: gcc -o conftest -g -O2 -Wno-language-extension-token   conftest.c -levent  >&5
Undefined symbols for architecture arm64:
  "_memcntl", referenced from:
      _main in conftest-43b0c3.o
ld: symbol(s) not found for architecture arm64
clang: error: linker command failed with exit code 1 (use -v to see invocation)
configure:7901: $? = 1
configure: failed program was:
| /* confdefs.h */
| #define PACKAGE_NAME "memcached"
| #define PACKAGE_TARNAME "memcached"
| #define PACKAGE_VERSION "1.6.17"
| #define PACKAGE_STRING "memcached 1.6.17"
| #define PACKAGE_BUGREPORT "memcached@googlegroups.com"
| #define PACKAGE_URL ""
| #define PACKAGE "memcached"
| #define VERSION "1.6.17"
| #define HAVE_STDIO_H 1
| #define HAVE_STDLIB_H 1
| #define HAVE_STRING_H 1
| #define HAVE_INTTYPES_H 1
| #define HAVE_STDINT_H 1
| #define HAVE_STRINGS_H 1
| #define HAVE_SYS_STAT_H 1
| #define HAVE_SYS_TYPES_H 1
| #define HAVE_UNISTD_H 1
| #define STDC_HEADERS 1
| #define HAVE_SASL_SASL_H 1
| #define EXTSTORE 1
| #define SIZEOF_VOID_P 8
| #define HAVE_LIBEVENT_NEW 1
| #define HAVE__BOOL 1
| #define HAVE_STDBOOL_H 1
| #define HAVE_INTTYPES_H 1
| #define HAVE_SASL_CALLBACK_FT 1
| #define ENDIAN_LITTLE 1
| #define HAVE_HTONLL 1
| #define HAVE_MLOCKALL 1
| #define HAVE_SYSCONF 1
| /* end confdefs.h.  */
| /* Define memcntl to an innocuous variant, in case <limits.h> declares memcntl.
|    For example, HP-UX 11i <limits.h> declares gettimeofday.  */
| #define memcntl innocuous_memcntl
| 
| /* System header to define __stub macros and hopefully few prototypes,
|    which can conflict with char memcntl (); below.  */
| 
| #include <limits.h>
| #undef memcntl
| 
| /* Override any GCC internal prototype to avoid an error.
|    Use char because int might match the return type of a GCC
|    builtin and then its argument prototype would still apply.  */
| #ifdef __cplusplus
| extern "C"
| #endif
| char memcntl ();
| /* The GNU C library defines this for functions which it implements
|     to always fail with ENOSYS.  Some functions are actually named
|     something starting with __ and the normal name is an alias.  */
| #if defined __stub_memcntl || defined __stub___memcntl
| choke me
| #endif
| 
| int
| main (void)
| {
| return memcntl ();
|   ;
|   return 0;
| }
configure:7901: result: no
configure:7908: checking for clock_gettime
configure:7908: gcc -o conftest -g -O2 -Wno-language-extension-token   conftest.c -levent  >&5
configure:7908: $? = 0
configure:7908: result: yes
configure:7915: checking for preadv
configure:7915: gcc -o conftest -g -O2 -Wno-language-extension-token   conftest.c -levent  >&5
configure:7915: $? = 0
configure:7915: result: yes
configure:7922: checking for pread
configure:7922: gcc -o conftest -g -O2 -Wno-language-extension-token   conftest.c -levent  >&5
configure:7922: $? = 0
configure:7922: result: yes
configure:7929: checking for eventfd
configure:7929: gcc -o conftest -g -O2 -Wno-language-extension-token   conftest.c -levent  >&5
Undefined symbols for architecture arm64:
  "_eventfd", referenced from:
      _main in conftest-d27911.o
ld: symbol(s) not found for architecture arm64
clang: error: linker command failed with exit code 1 (use -v to see invocation)
configure:7929: $? = 1
configure: failed program was:
| /* confdefs.h */
| #define PACKAGE_NAME "memcached"
| #define PACKAGE_TARNAME "memcached"
| #define PACKAGE_VERSION "1.6.17"
| #define PACKAGE_STRING "memcached 1.6.17"
| #define PACKAGE_BUGREPORT "memcached@googlegroups.com"
| #define PACKAGE_URL ""
| #define PACKAGE "memcached"
| #define VERSION "1.6.17"
| #define HAVE_STDIO_H 1
| #define HAVE_STDLIB_H 1
| #define HAVE_STRING_H 1
| #define HAVE_INTTYPES_H 1
| #define HAVE_STDINT_H 1
| #define HAVE_STRINGS_H 1
| #define HAVE_SYS_STAT_H 1
| #define HAVE_SYS_TYPES_H 1
| #define HAVE_UNISTD_H 1
| #define STDC_HEADERS 1
| #define HAVE_SASL_SASL_H 1
| #define EXTSTORE 1
| #define SIZEOF_VOID_P 8
| #define HAVE_LIBEVENT_NEW 1
| #define HAVE__BOOL 1
| #define HAVE_STDBOOL_H 1
| #define HAVE_INTTYPES_H 1
| #define HAVE_SASL_CALLBACK_FT 1
| #define ENDIAN_LITTLE 1
| #define HAVE_HTONLL 1
| #define HAVE_MLOCKALL 1
| #define HAVE_SYSCONF 1
| #define HAVE_CLOCK_GETTIME 1
| #define HAVE_PREADV 1
| #define HAVE_PREAD 1
| /* end confdefs.h.  */
| /* Define eventfd to an innocuous variant, in case <limits.h> declares eventfd.
|    For example, HP-UX 11i <limits.h> declares gettimeofday.  */
| #define eventfd innocuous_eventfd
| 
| /* System header to define __stub macros and hopefully few prototypes,
|    which can conflict with char eventfd (); below.  */
| 
| #include <limits.h>
| #undef eventfd
| 
| /* Override any GCC internal prototype to avoid an error.
|    Use char because int might match the return type of a GCC
|    builtin and then its argument prototype would still apply.  */
| #ifdef __cplusplus
| extern "C"
| #endif
| char eventfd ();
| /* The GNU C library defines this for functions which it implements
|     to always fail with ENOSYS.  Some functions are actually named
|     something starting with __ and the normal name is an alias.  */
| #if defined __stub_eventfd || defined __stub___eventfd
| choke me
| #endif
| 
| int
| main (void)
| {
| return eventfd ();
|   ;
|   return 0;
| }
configure:7929: result: no
configure:7939: checking for accept4
configure:7939: gcc -o conftest -g -O2 -Wno-language-extension-token   conftest.c -levent  >&5
Undefined symbols for architecture arm64:
  "_accept4", referenced from:
      _main in conftest-db1ea5.o
ld: symbol(s) not found for architecture arm64
clang: error: linker command failed with exit code 1 (use -v to see invocation)
configure:7939: $? = 1
configure: failed program was:
| /* confdefs.h */
| #define PACKAGE_NAME "memcached"
| #define PACKAGE_TARNAME "memcached"
| #define PACKAGE_VERSION "1.6.17"
| #define PACKAGE_STRING "memcached 1.6.17"
| #define PACKAGE_BUGREPORT "memcached@googlegroups.com"
| #define PACKAGE_URL ""
| #define PACKAGE "memcached"
| #define VERSION "1.6.17"
| #define HAVE_STDIO_H 1
| #define HAVE_STDLIB_H 1
| #define HAVE_STRING_H 1
| #define HAVE_INTTYPES_H 1
| #define HAVE_STDINT_H 1
| #define HAVE_STRINGS_H 1
| #define HAVE_SYS_STAT_H 1
| #define HAVE_SYS_TYPES_H 1
| #define HAVE_UNISTD_H 1
| #define STDC_HEADERS 1
| #define HAVE_SASL_SASL_H 1
| #define EXTSTORE 1
| #define SIZEOF_VOID_P 8
| #define HAVE_LIBEVENT_NEW 1
| #define HAVE__BOOL 1
| #define HAVE_STDBOOL_H 1
| #define HAVE_INTTYPES_H 1
| #define HAVE_SASL_CALLBACK_FT 1
| #define ENDIAN_LITTLE 1
| #define HAVE_HTONLL 1
| #define HAVE_MLOCKALL 1
| #define HAVE_SYSCONF 1
| #define HAVE_CLOCK_GETTIME 1
| #define HAVE_PREADV 1
| #define HAVE_PREAD 1
| /* end confdefs.h.  */
| /* Define accept4 to an innocuous variant, in case <limits.h> declares accept4.
|    For example, HP-UX 11i <limits.h> declares gettimeofday.  */
| #define accept4 innocuous_accept4
| 
| /* System header to define __stub macros and hopefully few prototypes,
|    which can conflict with char accept4 (); below.  */
| 
| #include <limits.h>
| #undef accept4
| 
| /* Override any GCC internal prototype to avoid an error.
|    Use char because int might match the return type of a GCC
|    builtin and then its argument prototype would still apply.  */
| #ifdef __cplusplus
| extern "C"
| #endif
| char accept4 ();
| /* The GNU C library defines this for functions which it implements
|     to always fail with ENOSYS.  Some functions are actually named
|     something starting with __ and the normal name is an alias.  */
| #if defined __stub_accept4 || defined __stub___accept4
| choke me
| #endif
| 
| int
| main (void)
| {
| return accept4 ();
|   ;
|   return 0;
| }
configure:7939: result: no
configure:7952: checking for getopt_long
configure:7952: gcc -o conftest -g -O2 -Wno-language-extension-token   conftest.c -levent  >&5
configure:7952: $? = 0
configure:7952: result: yes
configure:7965: checking for alignment
configure:8014: gcc -o conftest -g -O2 -Wno-language-extension-token   conftest.c -levent  >&5
configure:8014: $? = 0
configure:8014: ./conftest
configure:8014: $? = 0
configure:8030: result: none
configure:8049: checking for GCC atomics
configure:8067: gcc -o conftest -g -O2 -Wno-language-extension-token   conftest.c -levent  >&5
configure:8067: $? = 0
configure:8076: result: yes
configure:8080: checking for GCC 64bit atomics
configure:8099: gcc -o conftest -g -O2 -Wno-language-extension-token   conftest.c -levent  >&5
configure:8099: $? = 0
configure:8108: result: yes
configure:8114: checking for setppriv
configure:8114: gcc -o conftest -g -O2 -Wno-language-extension-token   conftest.c -levent  >&5
Undefined symbols for architecture arm64:
  "_setppriv", referenced from:
      _main in conftest-0593e7.o
ld: symbol(s) not found for architecture arm64
clang: error: linker command failed with exit code 1 (use -v to see invocation)
configure:8114: $? = 1
configure: failed program was:
| /* confdefs.h */
| #define PACKAGE_NAME "memcached"
| #define PACKAGE_TARNAME "memcached"
| #define PACKAGE_VERSION "1.6.17"
| #define PACKAGE_STRING "memcached 1.6.17"
| #define PACKAGE_BUGREPORT "memcached@googlegroups.com"
| #define PACKAGE_URL ""
| #define PACKAGE "memcached"
| #define VERSION "1.6.17"
| #define HAVE_STDIO_H 1
| #define HAVE_STDLIB_H 1
| #define HAVE_STRING_H 1
| #define HAVE_INTTYPES_H 1
| #define HAVE_STDINT_H 1
| #define HAVE_STRINGS_H 1
| #define HAVE_SYS_STAT_H 1
| #define HAVE_SYS_TYPES_H 1
| #define HAVE_UNISTD_H 1
| #define STDC_HEADERS 1
| #define HAVE_SASL_SASL_H 1
| #define EXTSTORE 1
| #define SIZEOF_VOID_P 8
| #define HAVE_LIBEVENT_NEW 1
| #define HAVE__BOOL 1
| #define HAVE_STDBOOL_H 1
| #define HAVE_INTTYPES_H 1
| #define HAVE_SASL_CALLBACK_FT 1
| #define ENDIAN_LITTLE 1
| #define HAVE_HTONLL 1
| #define HAVE_MLOCKALL 1
| #define HAVE_SYSCONF 1
| #define HAVE_CLOCK_GETTIME 1
| #define HAVE_PREADV 1
| #define HAVE_PREAD 1
| #define HAVE_GETOPT_LONG 1
| #define HAVE_GETOPT_LONG 1
| #define HAVE_GCC_ATOMICS 1
| #define HAVE_GCC_64ATOMICS 1
| /* end confdefs.h.  */
| /* Define setppriv to an innocuous variant, in case <limits.h> declares setppriv.
|    For example, HP-UX 11i <limits.h> declares gettimeofday.  */
| #define setppriv innocuous_setppriv
| 
| /* System header to define __stub macros and hopefully few prototypes,
|    which can conflict with char setppriv (); below.  */
| 
| #include <limits.h>
| #undef setppriv
| 
| /* Override any GCC internal prototype to avoid an error.
|    Use char because int might match the return type of a GCC
|    builtin and then its argument prototype would still apply.  */
| #ifdef __cplusplus
| extern "C"
| #endif
| char setppriv ();
| /* The GNU C library defines this for functions which it implements
|     to always fail with ENOSYS.  Some functions are actually named
|     something starting with __ and the normal name is an alias.  */
| #if defined __stub_setppriv || defined __stub___setppriv
| choke me
| #endif
| 
| int
| main (void)
| {
| return setppriv ();
|   ;
|   return 0;
| }
configure:8114: result: no
configure:8193: checking for pledge
configure:8193: gcc -o conftest -g -O2 -Wno-language-extension-token   conftest.c -levent  >&5
Undefined symbols for architecture arm64:
  "_pledge", referenced from:
      _main in conftest-1d42c5.o
ld: symbol(s) not found for architecture arm64
clang: error: linker command failed with exit code 1 (use -v to see invocation)
configure:8193: $? = 1
configure: failed program was:
| /* confdefs.h */
| #define PACKAGE_NAME "memcached"
| #define PACKAGE_TARNAME "memcached"
| #define PACKAGE_VERSION "1.6.17"
| #define PACKAGE_STRING "memcached 1.6.17"
| #define PACKAGE_BUGREPORT "memcached@googlegroups.com"
| #define PACKAGE_URL ""
| #define PACKAGE "memcached"
| #define VERSION "1.6.17"
| #define HAVE_STDIO_H 1
| #define HAVE_STDLIB_H 1
| #define HAVE_STRING_H 1
| #define HAVE_INTTYPES_H 1
| #define HAVE_STDINT_H 1
| #define HAVE_STRINGS_H 1
| #define HAVE_SYS_STAT_H 1
| #define HAVE_SYS_TYPES_H 1
| #define HAVE_UNISTD_H 1
| #define STDC_HEADERS 1
| #define HAVE_SASL_SASL_H 1
| #define EXTSTORE 1
| #define SIZEOF_VOID_P 8
| #define HAVE_LIBEVENT_NEW 1
| #define HAVE__BOOL 1
| #define HAVE_STDBOOL_H 1
| #define HAVE_INTTYPES_H 1
| #define HAVE_SASL_CALLBACK_FT 1
| #define ENDIAN_LITTLE 1
| #define HAVE_HTONLL 1
| #define HAVE_MLOCKALL 1
| #define HAVE_SYSCONF 1
| #define HAVE_CLOCK_GETTIME 1
| #define HAVE_PREADV 1
| #define HAVE_PREAD 1
| #define HAVE_GETOPT_LONG 1
| #define HAVE_GETOPT_LONG 1
| #define HAVE_GCC_ATOMICS 1
| #define HAVE_GCC_64ATOMICS 1
| /* end confdefs.h.  */
| /* Define pledge to an innocuous variant, in case <limits.h> declares pledge.
|    For example, HP-UX 11i <limits.h> declares gettimeofday.  */
| #define pledge innocuous_pledge
| 
| /* System header to define __stub macros and hopefully few prototypes,
|    which can conflict with char pledge (); below.  */
| 
| #include <limits.h>
| #undef pledge
| 
| /* Override any GCC internal prototype to avoid an error.
|    Use char because int might match the return type of a GCC
|    builtin and then its argument prototype would still apply.  */
| #ifdef __cplusplus
| extern "C"
| #endif
| char pledge ();
| /* The GNU C library defines this for functions which it implements
|     to always fail with ENOSYS.  Some functions are actually named
|     something starting with __ and the normal name is an alias.  */
| #if defined __stub_pledge || defined __stub___pledge
| choke me
| #endif
| 
| int
| main (void)
| {
| return pledge ();
|   ;
|   return 0;
| }
configure:8193: result: no
configure:8217: checking for cap_enter
configure:8217: gcc -o conftest -g -O2 -Wno-language-extension-token   conftest.c -levent  >&5
Undefined symbols for architecture arm64:
  "_cap_enter", referenced from:
      _main in conftest-bfb769.o
ld: symbol(s) not found for architecture arm64
clang: error: linker command failed with exit code 1 (use -v to see invocation)
configure:8217: $? = 1
configure: failed program was:
| /* confdefs.h */
| #define PACKAGE_NAME "memcached"
| #define PACKAGE_TARNAME "memcached"
| #define PACKAGE_VERSION "1.6.17"
| #define PACKAGE_STRING "memcached 1.6.17"
| #define PACKAGE_BUGREPORT "memcached@googlegroups.com"
| #define PACKAGE_URL ""
| #define PACKAGE "memcached"
| #define VERSION "1.6.17"
| #define HAVE_STDIO_H 1
| #define HAVE_STDLIB_H 1
| #define HAVE_STRING_H 1
| #define HAVE_INTTYPES_H 1
| #define HAVE_STDINT_H 1
| #define HAVE_STRINGS_H 1
| #define HAVE_SYS_STAT_H 1
| #define HAVE_SYS_TYPES_H 1
| #define HAVE_UNISTD_H 1
| #define STDC_HEADERS 1
| #define HAVE_SASL_SASL_H 1
| #define EXTSTORE 1
| #define SIZEOF_VOID_P 8
| #define HAVE_LIBEVENT_NEW 1
| #define HAVE__BOOL 1
| #define HAVE_STDBOOL_H 1
| #define HAVE_INTTYPES_H 1
| #define HAVE_SASL_CALLBACK_FT 1
| #define ENDIAN_LITTLE 1
| #define HAVE_HTONLL 1
| #define HAVE_MLOCKALL 1
| #define HAVE_SYSCONF 1
| #define HAVE_CLOCK_GETTIME 1
| #define HAVE_PREADV 1
| #define HAVE_PREAD 1
| #define HAVE_GETOPT_LONG 1
| #define HAVE_GETOPT_LONG 1
| #define HAVE_GCC_ATOMICS 1
| #define HAVE_GCC_64ATOMICS 1
| /* end confdefs.h.  */
| /* Define cap_enter to an innocuous variant, in case <limits.h> declares cap_enter.
|    For example, HP-UX 11i <limits.h> declares gettimeofday.  */
| #define cap_enter innocuous_cap_enter
| 
| /* System header to define __stub macros and hopefully few prototypes,
|    which can conflict with char cap_enter (); below.  */
| 
| #include <limits.h>
| #undef cap_enter
| 
| /* Override any GCC internal prototype to avoid an error.
|    Use char because int might match the return type of a GCC
|    builtin and then its argument prototype would still apply.  */
| #ifdef __cplusplus
| extern "C"
| #endif
| char cap_enter ();
| /* The GNU C library defines this for functions which it implements
|     to always fail with ENOSYS.  Some functions are actually named
|     something starting with __ and the normal name is an alias.  */
| #if defined __stub_cap_enter || defined __stub___cap_enter
| choke me
| #endif
| 
| int
| main (void)
| {
| return cap_enter ();
|   ;
|   return 0;
| }
configure:8217: result: no
configure:8241: checking for sandbox_init
configure:8241: gcc -o conftest -g -O2 -Wno-language-extension-token   conftest.c -levent  >&5
configure:8241: $? = 0
configure:8241: result: yes
configure:8246: checking for sandbox.h
configure:8246: gcc -c -g -O2 -Wno-language-extension-token  conftest.c >&5
configure:8246: $? = 0
configure:8246: result: yes
configure:8314: checking for xml2rfc
configure:8350: result: no
configure:8360: checking for xsltproc
configure:8383: found /Users/zinnianie/opt/anaconda3/bin/xsltproc
configure:8396: result: /Users/zinnianie/opt/anaconda3/bin/xsltproc
configure:8551: checking that generated files are newer than configure
configure:8557: result: done
configure:8653: creating ./config.status

## ---------------------- ##
## Running config.status. ##
## ---------------------- ##

This file was extended by memcached config.status 1.6.17, which was
generated by GNU Autoconf 2.71.  Invocation command line was

  CONFIG_FILES    = 
  CONFIG_HEADERS  = 
  CONFIG_LINKS    = 
  CONFIG_COMMANDS = 
  $ ./config.status 

on Zinnias-MacBook-Pro.local

config.status:929: creating Makefile
config.status:929: creating doc/Makefile
config.status:929: creating config.h
config.status:1158: executing depfiles commands
config.status:1235: cd .       && sed -e '/# am--include-marker/d' Makefile         | make -f - am--depfiles
config.status:1240: $? = 0

## ---------------- ##
## Cache variables. ##
## ---------------- ##

ac_cv_build=aarch64-apple-darwin20.3.0
ac_cv_c_alignment=none
ac_cv_c_bigendian=no
ac_cv_c_compiler_gnu=yes
ac_cv_c_const=yes
ac_cv_c_socklen_t=yes
ac_cv_c_uint64_support=yes
ac_cv_c_undeclared_builtin_options='none needed'
ac_cv_env_CC_set=
ac_cv_env_CC_value=
ac_cv_env_CFLAGS_set=
ac_cv_env_CFLAGS_value=
ac_cv_env_CPPFLAGS_set=
ac_cv_env_CPPFLAGS_value=
ac_cv_env_CPP_set=
ac_cv_env_CPP_value=
ac_cv_env_LDFLAGS_set=
ac_cv_env_LDFLAGS_value=
ac_cv_env_LIBS_set=
ac_cv_env_LIBS_value=
ac_cv_env_OPENSSL_CFLAGS_set=
ac_cv_env_OPENSSL_CFLAGS_value=
ac_cv_env_OPENSSL_LIBS_set=
ac_cv_env_OPENSSL_LIBS_value=
ac_cv_env_PKG_CONFIG_LIBDIR_set=
ac_cv_env_PKG_CONFIG_LIBDIR_value=
ac_cv_env_PKG_CONFIG_PATH_set=
ac_cv_env_PKG_CONFIG_PATH_value=
ac_cv_env_PKG_CONFIG_set=
ac_cv_env_PKG_CONFIG_value=
ac_cv_env_build_alias_set=
ac_cv_env_build_alias_value=
ac_cv_env_host_alias_set=
ac_cv_env_host_alias_value=
ac_cv_env_target_alias_set=
ac_cv_env_target_alias_value=
ac_cv_func_accept4=no
ac_cv_func_cap_enter=no
ac_cv_func_clock_gettime=yes
ac_cv_func_eventfd=no
ac_cv_func_getopt_long=yes
ac_cv_func_getpagesizes=no
ac_cv_func_memcntl=no
ac_cv_func_mlockall=yes
ac_cv_func_pledge=no
ac_cv_func_pread=yes
ac_cv_func_preadv=yes
ac_cv_func_sandbox_init=yes
ac_cv_func_setppriv=no
ac_cv_func_sysconf=yes
ac_cv_has_sasl_callback_ft=yes
ac_cv_have_decl___SUNPRO_C=no
ac_cv_header_inttypes_h=yes
ac_cv_header_sandbox_h=yes
ac_cv_header_sasl_sasl_h=yes
ac_cv_header_stdbool_h=yes
ac_cv_header_stdint_h=yes
ac_cv_header_stdio_h=yes
ac_cv_header_stdlib_h=yes
ac_cv_header_string_h=yes
ac_cv_header_strings_h=yes
ac_cv_header_sys_stat_h=yes
ac_cv_header_sys_types_h=yes
ac_cv_header_unistd_h=yes
ac_cv_host=aarch64-apple-darwin20.3.0
ac_cv_libevent_dir='(system)'
ac_cv_objext=o
ac_cv_path_EGREP='/usr/bin/grep -E'
ac_cv_path_GREP=/usr/bin/grep
ac_cv_path_PROFILER=/usr/bin/gcov
ac_cv_path_XML2RFC=no
ac_cv_path_XSLTPROC=/Users/zinnianie/opt/anaconda3/bin/xsltproc
ac_cv_path_install='/usr/bin/install -c'
ac_cv_prog_AWK=awk
ac_cv_prog_CPP='gcc -E'
ac_cv_prog_ac_ct_CC=gcc
ac_cv_prog_cc_c11=
ac_cv_prog_cc_c99=
ac_cv_prog_cc_g=yes
ac_cv_prog_cc_stdc=
ac_cv_prog_make_make_set=yes
ac_cv_search_clock_gettime='none required'
ac_cv_search_gethostbyname='none required'
ac_cv_search_gethugepagesizes=no
ac_cv_search_pthread_create='none required'
ac_cv_search_socket='none required'
ac_cv_sizeof_void_p=8
ac_cv_type__Bool=yes
am_cv_CC_dependencies_compiler_type=gcc3
am_cv_make_support_nested_variables=yes
am_cv_prog_cc_c_o=yes

## ----------------- ##
## Output variables. ##
## ----------------- ##

ACLOCAL='${SHELL} '\''/Users/zinnianie/memcached-1.6.17/missing'\'' aclocal-1.16'
AMDEPBACKSLASH='\'
AMDEP_FALSE='#'
AMDEP_TRUE=''
AMTAR='$${TAR-tar}'
AM_BACKSLASH='\'
AM_DEFAULT_V='$(AM_DEFAULT_VERBOSITY)'
AM_DEFAULT_VERBOSITY='1'
AM_V='$(V)'
AUTOCONF='${SHELL} '\''/Users/zinnianie/memcached-1.6.17/missing'\'' autoconf'
AUTOHEADER='${SHELL} '\''/Users/zinnianie/memcached-1.6.17/missing'\'' autoheader'
AUTOMAKE='${SHELL} '\''/Users/zinnianie/memcached-1.6.17/missing'\'' automake-1.16'
AWK='awk'
BUILD_DARWIN_PRIVS_FALSE='#'
BUILD_DARWIN_PRIVS_TRUE=''
BUILD_DTRACE_FALSE=''
BUILD_DTRACE_TRUE='#'
BUILD_FREEBSD_PRIVS_FALSE=''
BUILD_FREEBSD_PRIVS_TRUE='#'
BUILD_LINUX_PRIVS_FALSE=''
BUILD_LINUX_PRIVS_TRUE='#'
BUILD_OPENBSD_PRIVS_FALSE=''
BUILD_OPENBSD_PRIVS_TRUE='#'
BUILD_SOLARIS_PRIVS_FALSE=''
BUILD_SOLARIS_PRIVS_TRUE='#'
BUILD_SPECIFICATIONS_FALSE=''
BUILD_SPECIFICATIONS_TRUE='#'
CC='gcc'
CCDEPMODE='depmode=gcc3'
CFLAGS='-g -O2 -Wno-language-extension-token -Wall -Werror -pedantic -Wmissing-prototypes -Wmissing-declarations -Wredundant-decls'
CPP='gcc -E'
CPPFLAGS=''
CSCOPE='cscope'
CTAGS='ctags'
CYGPATH_W='echo'
DARWIN_FALSE='#'
DARWIN_TRUE=''
DEFS='-DHAVE_CONFIG_H'
DEPDIR='.deps'
DISABLE_UNIX_SOCKET_FALSE=''
DISABLE_UNIX_SOCKET_TRUE='#'
DTRACE=''
DTRACEFLAGS=''
DTRACE_INSTRUMENT_OBJ_FALSE=''
DTRACE_INSTRUMENT_OBJ_TRUE='#'
ECHO_C='\c'
ECHO_N=''
ECHO_T=''
EGREP='/usr/bin/grep -E'
ENABLE_ARM_CRC32_FALSE=''
ENABLE_ARM_CRC32_TRUE='#'
ENABLE_ASAN_FALSE=''
ENABLE_ASAN_TRUE='#'
ENABLE_EXTSTORE_FALSE='#'
ENABLE_EXTSTORE_TRUE=''
ENABLE_PROXY_FALSE=''
ENABLE_PROXY_TRUE='#'
ENABLE_PROXY_URING_FALSE=''
ENABLE_PROXY_URING_TRUE='#'
ENABLE_SASL=''
ENABLE_SASL_FALSE=''
ENABLE_SASL_TRUE='#'
ENABLE_STATIC_FALSE=''
ENABLE_STATIC_TRUE='#'
ENABLE_TLS_FALSE=''
ENABLE_TLS_TRUE='#'
ETAGS='etags'
EXEEXT=''
GREP='/usr/bin/grep'
INSTALL_DATA='${INSTALL} -m 644'
INSTALL_PROGRAM='${INSTALL}'
INSTALL_SCRIPT='${INSTALL}'
INSTALL_STRIP_PROGRAM='$(install_sh) -c -s'
LDFLAGS=''
LIBOBJS=''
LIBS='-levent '
LTLIBOBJS=''
MAKEINFO='${SHELL} '\''/Users/zinnianie/memcached-1.6.17/missing'\'' makeinfo'
MKDIR_P='./install-sh -c -d'
OBJEXT='o'
OPENSSL_CFLAGS=''
OPENSSL_LIBS=''
PACKAGE='memcached'
PACKAGE_BUGREPORT='memcached@googlegroups.com'
PACKAGE_NAME='memcached'
PACKAGE_STRING='memcached 1.6.17'
PACKAGE_TARNAME='memcached'
PACKAGE_URL=''
PACKAGE_VERSION='1.6.17'
PATH_SEPARATOR=':'
PKG_CONFIG=''
PKG_CONFIG_LIBDIR=''
PKG_CONFIG_PATH=''
PROFILER='/usr/bin/gcov'
PROFILER_FLAGS='-fprofile-arcs -ftest-coverage'
PROFILER_LDFLAGS=''
SET_MAKE=''
SHELL='/bin/sh'
STRIP=''
VERSION='1.6.17'
XML2RFC='no'
XSLTPROC='/Users/zinnianie/opt/anaconda3/bin/xsltproc'
ac_ct_CC='gcc'
am__EXEEXT_FALSE=''
am__EXEEXT_TRUE='#'
am__fastdepCC_FALSE='#'
am__fastdepCC_TRUE=''
am__include='include'
am__isrc=''
am__leading_dot='.'
am__nodep='_no'
am__quote=''
am__tar='$${TAR-tar} chof - "$$tardir"'
am__untar='$${TAR-tar} xf -'
bindir='${exec_prefix}/bin'
build='aarch64-apple-darwin20.3.0'
build_alias=''
build_cpu='aarch64'
build_os='darwin20.3.0'
build_vendor='apple'
datadir='${datarootdir}'
datarootdir='${prefix}/share'
docdir='${datarootdir}/doc/${PACKAGE_TARNAME}'
dvidir='${docdir}'
exec_prefix='${prefix}'
host='aarch64-apple-darwin20.3.0'
host_alias=''
host_cpu='aarch64'
host_os='darwin20.3.0'
host_vendor='apple'
htmldir='${docdir}'
includedir='${prefix}/include'
infodir='${datarootdir}/info'
install_sh='${SHELL} /Users/zinnianie/memcached-1.6.17/install-sh'
libdir='${exec_prefix}/lib'
libexecdir='${exec_prefix}/libexec'
localedir='${datarootdir}/locale'
localstatedir='${prefix}/var'
mandir='${datarootdir}/man'
mkdir_p='$(MKDIR_P)'
oldincludedir='/usr/include'
pdfdir='${docdir}'
prefix='/usr/local'
program_transform_name='s,x,x,'
psdir='${docdir}'
runstatedir='${localstatedir}/run'
sbindir='${exec_prefix}/sbin'
sharedstatedir='${prefix}/com'
sysconfdir='${prefix}/etc'
target_alias=''

## ----------- ##
## confdefs.h. ##
## ----------- ##

/* confdefs.h */
#define PACKAGE_NAME "memcached"
#define PACKAGE_TARNAME "memcached"
#define PACKAGE_VERSION "1.6.17"
#define PACKAGE_STRING "memcached 1.6.17"
#define PACKAGE_BUGREPORT "memcached@googlegroups.com"
#define PACKAGE_URL ""
#define PACKAGE "memcached"
#define VERSION "1.6.17"
#define HAVE_STDIO_H 1
#define HAVE_STDLIB_H 1
#define HAVE_STRING_H 1
#define HAVE_INTTYPES_H 1
#define HAVE_STDINT_H 1
#define HAVE_STRINGS_H 1
#define HAVE_SYS_STAT_H 1
#define HAVE_SYS_TYPES_H 1
#define HAVE_UNISTD_H 1
#define STDC_HEADERS 1
#define HAVE_SASL_SASL_H 1
#define EXTSTORE 1
#define SIZEOF_VOID_P 8
#define HAVE_LIBEVENT_NEW 1
#define HAVE__BOOL 1
#define HAVE_STDBOOL_H 1
#define HAVE_INTTYPES_H 1
#define HAVE_SASL_CALLBACK_FT 1
#define ENDIAN_LITTLE 1
#define HAVE_HTONLL 1
#define HAVE_MLOCKALL 1
#define HAVE_SYSCONF 1
#define HAVE_CLOCK_GETTIME 1
#define HAVE_PREADV 1
#define HAVE_PREAD 1
#define HAVE_GETOPT_LONG 1
#define HAVE_GETOPT_LONG 1
#define HAVE_GCC_ATOMICS 1
#define HAVE_GCC_64ATOMICS 1
#define HAVE_SANDBOX_INIT 1
#define HAVE_DROP_PRIVILEGES 1
#define _GNU_SOURCE 1

configure: exit 0
